0 info it worked if it ends with ok
1 verbose cli [ '/usr/local/Cellar/node/5.8.0/bin/node',
1 verbose cli   '/usr/local/bin/npm',
1 verbose cli   'run',
1 verbose cli   'test-integration' ]
2 info using npm@3.9.3
3 info using node@v5.8.0
4 verbose run-script [ 'pretest-integration',
4 verbose run-script   'test-integration',
4 verbose run-script   'posttest-integration' ]
5 info lifecycle Sunshine-Angular@0.0.1~pretest-integration: Sunshine-Angular@0.0.1
6 silly lifecycle Sunshine-Angular@0.0.1~pretest-integration: no script for pretest-integration, continuing
7 info lifecycle Sunshine-Angular@0.0.1~test-integration: Sunshine-Angular@0.0.1
8 verbose lifecycle Sunshine-Angular@0.0.1~test-integration: unsafe-perm in lifecycle true
9 verbose lifecycle Sunshine-Angular@0.0.1~test-integration: PATH: /usr/local/lib/node_modules/npm/bin/node-gyp-bin:/Users/kulkarniankita/Garage-TO/angular-healthcare/node_modules/.bin:/usr/local/Cellar/node/5.8.0/bin:/usr/local/bin:/usr/bin:/bin:/usr/sbin:/sbin:/usr/local/Bluemix/bin
10 verbose lifecycle Sunshine-Angular@0.0.1~test-integration: CWD: /Users/kulkarniankita/Garage-TO/angular-healthcare
11 silly lifecycle Sunshine-Angular@0.0.1~test-integration: Args: [ '-c', 'protractor conf.js' ]
12 silly lifecycle Sunshine-Angular@0.0.1~test-integration: Returned: code: 1  signal: null
13 info lifecycle Sunshine-Angular@0.0.1~test-integration: Failed to exec test-integration script
14 verbose stack Error: Sunshine-Angular@0.0.1 test-integration: `protractor conf.js`
14 verbose stack Exit status 1
14 verbose stack     at EventEmitter.<anonymous> (/usr/local/lib/node_modules/npm/lib/utils/lifecycle.js:245:16)
14 verbose stack     at emitTwo (events.js:100:13)
14 verbose stack     at EventEmitter.emit (events.js:185:7)
14 verbose stack     at ChildProcess.<anonymous> (/usr/local/lib/node_modules/npm/lib/utils/spawn.js:24:14)
14 verbose stack     at emitTwo (events.js:100:13)
14 verbose stack     at ChildProcess.emit (events.js:185:7)
14 verbose stack     at maybeClose (internal/child_process.js:850:16)
14 verbose stack     at Process.ChildProcess._handle.onexit (internal/child_process.js:215:5)
15 verbose pkgid Sunshine-Angular@0.0.1
16 verbose cwd /Users/kulkarniankita/Garage-TO/angular-healthcare
17 error Darwin 15.5.0
18 error argv "/usr/local/Cellar/node/5.8.0/bin/node" "/usr/local/bin/npm" "run" "test-integration"
19 error node v5.8.0
20 error npm  v3.9.3
21 error code ELIFECYCLE
22 error Sunshine-Angular@0.0.1 test-integration: `protractor conf.js`
22 error Exit status 1
23 error Failed at the Sunshine-Angular@0.0.1 test-integration script 'protractor conf.js'.
23 error Make sure you have the latest version of node.js and npm installed.
23 error If you do, this is most likely a problem with the Sunshine-Angular package,
23 error not with npm itself.
23 error Tell the author that this fails on your system:
23 error     protractor conf.js
23 error You can get information on how to open an issue for this project with:
23 error     npm bugs Sunshine-Angular
23 error Or if that isn't available, you can get their info via:
23 error     npm owner ls Sunshine-Angular
23 error There is likely additional logging output above.
24 verbose exit [ 1, true ]
